<?xml version="1.0" encoding="UTF-8"?>
<!-- Generated by org.testng.reporters.JUnitReportReporter -->
<testsuite hostname="LAPTOP-C5JQGMV1" failures="1" tests="7" name="com.testng1.AmazonSearch_AnnotationTransformer" time="53.076" errors="0" timestamp="07 Jan 2019 19:17:20 GMT" skipped="0">
  <testcase classname="com.testng1.AmazonSearch_AnnotationTransformer" name="browserproperty" time="1.192"/>
  <testcase classname="com.testng1.AmazonSearch_AnnotationTransformer" name="navigateURL" time="5.188"/>
  <testcase classname="com.testng1.AmazonSearch_AnnotationTransformer" name="amazonsearch" time="15.286"/>
  <testcase classname="com.testng1.AmazonSearch_AnnotationTransformer" name="getPageInfo" time="0.082">
    <failure message="expected [Online Shopping site in India: Shop Online for Mobiles, Books, Watches, Shoes and More - Amazon.in] but found [Amazon.in: bullet: Car &amp; Motorbike]" type="java.lang.AssertionError">
      <![CDATA[java.lang.AssertionError: expected [Online Shopping site in India: Shop Online for Mobiles, Books, Watches, Shoes and More - Amazon.in] but found [Amazon.in: bullet: Car & Motorbike]
at org.testng.Assert.fail(Assert.java:96)
at org.testng.Assert.failNotEquals(Assert.java:776)
at org.testng.Assert.assertEqualsImpl(Assert.java:137)
at org.testng.Assert.assertEquals(Assert.java:118)
at org.testng.Assert.assertEquals(Assert.java:453)
at org.testng.Assert.assertEquals(Assert.java:463)
at com.testng1.AmazonSearch_AnnotationTransformer.getPageInfo(AmazonSearch_AnnotationTransformer.java:50)
at java.base/jdk.internal.reflect.NativeMethodAccessorImpl.invoke0(Native Method)
at java.base/jdk.internal.reflect.NativeMethodAccessorImpl.invoke(NativeMethodAccessorImpl.java:62)
at java.base/jdk.internal.reflect.DelegatingMethodAccessorImpl.invoke(DelegatingMethodAccessorImpl.java:43)
at java.base/java.lang.reflect.Method.invoke(Method.java:564)
at org.testng.internal.MethodInvocationHelper.invokeMethod(MethodInvocationHelper.java:124)
at org.testng.internal.Invoker.invokeMethod(Invoker.java:580)
at org.testng.internal.Invoker.invokeTestMethod(Invoker.java:716)
at org.testng.internal.Invoker.invokeTestMethods(Invoker.java:988)
at org.testng.internal.TestMethodWorker.invokeTestMethods(TestMethodWorker.java:125)
at org.testng.internal.TestMethodWorker.run(TestMethodWorker.java:109)
at org.testng.TestRunner.privateRun(TestRunner.java:648)
at org.testng.TestRunner.run(TestRunner.java:505)
at org.testng.SuiteRunner.runTest(SuiteRunner.java:455)
at org.testng.SuiteRunner.runSequentially(SuiteRunner.java:450)
at org.testng.SuiteRunner.privateRun(SuiteRunner.java:415)
at org.testng.SuiteRunner.run(SuiteRunner.java:364)
at org.testng.SuiteRunnerWorker.runSuite(SuiteRunnerWorker.java:52)
at org.testng.SuiteRunnerWorker.run(SuiteRunnerWorker.java:84)
at org.testng.TestNG.runSuitesSequentially(TestNG.java:1208)
at org.testng.TestNG.runSuitesLocally(TestNG.java:1137)
at org.testng.TestNG.runSuites(TestNG.java:1049)
at org.testng.TestNG.run(TestNG.java:1017)
at org.testng.remote.AbstractRemoteTestNG.run(AbstractRemoteTestNG.java:114)
at org.testng.remote.RemoteTestNG.initAndRun(RemoteTestNG.java:251)
at org.testng.remote.RemoteTestNG.main(RemoteTestNG.java:77)
]]>
    </failure>
  </testcase> <!-- getPageInfo -->
  <testcase classname="com.testng1.AmazonSearch_AnnotationTransformer" name="amazonsearch" time="10.572"/>
  <testcase classname="com.testng1.AmazonSearch_AnnotationTransformer" name="amazonsearch" time="10.414"/>
  <testcase classname="com.testng1.AmazonSearch_AnnotationTransformer" name="results" time="10.342"/>
</testsuite> <!-- com.testng1.AmazonSearch_AnnotationTransformer -->
